<?xml version="1.0" encoding="UTF-8" ?>
<!DOCTYPE configuration PUBLIC "-//mybatis.org//DTD Config 3.0//EN"
"http://mybatis.org/dtd/mybatis-3-config.dtd">
<configuration>

    <environments default="development">
        <environment id="development">
        <transactionManager type="JDBC"/>
            <dataSource type="POOLED">
            <property name="driver" value="com.mysql.jdbc.Driver"/>
            <property name="url" value="jdbc:mysql://127.0.0.1:3306/mychatdb" />
            <property name="username" value="lin"/>
            <property name="password" value="051346"/>
            </dataSource>
        </environment>
    </environments>
    <mappers>  
        <mapper class="com.mychat.common.mapper.UserMapper"/>  
        <mapper class="com.mychat.common.mapper.RelationMapper"/>  
        <mapper class="com.mychat.common.mapper.MessageMapper"/>  
    </mappers>  
</configuration>